[2020-09-19 11:03:28,509][INFO][restartedMain][CrmApplication] Starting CrmApplication on DESKTOP-MR1BUD7 with PID 12216 (C:\Users\Tony\Desktop\project\crm\target\classes started by Tony in C:\Users\Tony\Desktop\project\crm)
[2020-09-19 11:03:28,511][DEBUG][restartedMain][CrmApplication] Running with Spring Boot v2.3.4.RELEASE, Spring v5.2.9.RELEASE
[2020-09-19 11:03:28,512][INFO][restartedMain][CrmApplication] No active profile set, falling back to default profiles: default
[2020-09-19 11:03:28,548][INFO][restartedMain][DevToolsPropertyDefaultsPostProcessor] Devtools property defaults active! Set 'spring.devtools.add-properties' to 'false' to disable
[2020-09-19 11:03:28,548][INFO][restartedMain][DevToolsPropertyDefaultsPostProcessor] For additional web related logging consider setting the 'logging.level.web' property to 'DEBUG'
[2020-09-19 11:03:29,225][INFO][restartedMain][RepositoryConfigurationDelegate] Bootstrapping Spring Data JPA repositories in DEFERRED mode.
[2020-09-19 11:03:29,270][INFO][restartedMain][RepositoryConfigurationDelegate] Finished Spring Data repository scanning in 39ms. Found 2 JPA repository interfaces.
[2020-09-19 11:12:31,921][INFO][restartedMain][CrmApplication] Starting CrmApplication on DESKTOP-MR1BUD7 with PID 10064 (C:\Users\Tony\Desktop\project\crm\target\classes started by Tony in C:\Users\Tony\Desktop\project\crm)
[2020-09-19 11:12:31,923][DEBUG][restartedMain][CrmApplication] Running with Spring Boot v2.3.4.RELEASE, Spring v5.2.9.RELEASE
[2020-09-19 11:12:31,923][INFO][restartedMain][CrmApplication] No active profile set, falling back to default profiles: default
[2020-09-19 11:12:31,951][INFO][restartedMain][DevToolsPropertyDefaultsPostProcessor] Devtools property defaults active! Set 'spring.devtools.add-properties' to 'false' to disable
[2020-09-19 11:12:31,951][INFO][restartedMain][DevToolsPropertyDefaultsPostProcessor] For additional web related logging consider setting the 'logging.level.web' property to 'DEBUG'
[2020-09-19 11:12:32,537][INFO][restartedMain][RepositoryConfigurationDelegate] Bootstrapping Spring Data JPA repositories in DEFERRED mode.
[2020-09-19 11:12:32,574][INFO][restartedMain][RepositoryConfigurationDelegate] Finished Spring Data repository scanning in 33ms. Found 2 JPA repository interfaces.
[2020-09-19 11:12:32,925][INFO][restartedMain][TomcatWebServer] Tomcat initialized with port(s): 8080 (http)
[2020-09-19 11:12:32,932][INFO][restartedMain][StandardService] Starting service [Tomcat]
[2020-09-19 11:12:32,933][INFO][restartedMain][StandardEngine] Starting Servlet engine: [Apache Tomcat/9.0.38]
[2020-09-19 11:12:32,993][INFO][restartedMain][[/]] Initializing Spring embedded WebApplicationContext
[2020-09-19 11:12:32,993][INFO][restartedMain][ServletWebServerApplicationContext] Root WebApplicationContext: initialization completed in 1041 ms
[2020-09-19 11:12:33,019][INFO][restartedMain][HikariDataSource] HikariPool-1 - Starting...
[2020-09-19 11:12:33,074][INFO][restartedMain][HikariDataSource] HikariPool-1 - Start completed.
[2020-09-19 11:12:33,078][INFO][restartedMain][H2ConsoleAutoConfiguration] H2 console available at '/h2-console'. Database available at 'jdbc:h2:mem:test'
[2020-09-19 11:12:33,157][INFO][restartedMain][ThreadPoolTaskExecutor] Initializing ExecutorService 'applicationTaskExecutor'
[2020-09-19 11:12:33,183][INFO][task-1][LogHelper] HHH000204: Processing PersistenceUnitInfo [name: default]
[2020-09-19 11:12:33,215][WARN][restartedMain][JpaBaseConfiguration$JpaWebConfiguration] spring.jpa.open-in-view is enabled by default. Therefore, database queries may be performed during view rendering. Explicitly configure spring.jpa.open-in-view to disable this warning
[2020-09-19 11:12:33,220][INFO][task-1][Version] HHH000412: Hibernate ORM core version 5.4.21.Final
[2020-09-19 11:12:33,314][INFO][task-1][Version] HCANN000001: Hibernate Commons Annotations {5.1.0.Final}
[2020-09-19 11:12:33,392][INFO][task-1][Dialect] HHH000400: Using dialect: org.hibernate.dialect.H2Dialect
[2020-09-19 11:12:33,498][INFO][restartedMain][DefaultSecurityFilterChain] Creating filter chain: any request, [org.springframework.security.web.context.request.async.WebAsyncManagerIntegrationFilter@347fd5f5, org.springframework.security.web.context.SecurityContextPersistenceFilter@4cca75f, org.springframework.security.web.header.HeaderWriterFilter@1277e2e7, org.springframework.security.web.authentication.logout.LogoutFilter@622f103a, org.springframework.security.web.authentication.www.BasicAuthenticationFilter@3eecd5db, org.springframework.security.web.savedrequest.RequestCacheAwareFilter@5554a1d1, org.springframework.security.web.servletapi.SecurityContextHolderAwareRequestFilter@4e04b340, org.springframework.security.web.authentication.AnonymousAuthenticationFilter@1fa4e623, org.springframework.security.web.session.SessionManagementFilter@3b41d6c1, org.springframework.security.web.access.ExceptionTranslationFilter@2938f034, org.springframework.security.web.access.intercept.FilterSecurityInterceptor@6bcd4ba]
[2020-09-19 11:12:33,512][INFO][restartedMain][PropertySourcedRequestMappingHandlerMapping] Mapped URL path [/v2/api-docs] onto method [springfox.documentation.swagger2.web.Swagger2Controller#getDocumentation(String, HttpServletRequest)]
[2020-09-19 11:12:33,611][INFO][restartedMain][OptionalLiveReloadServer] LiveReload server is running on port 35729
[2020-09-19 11:12:33,735][INFO][restartedMain][TomcatWebServer] Tomcat started on port(s): 8080 (http) with context path ''
[2020-09-19 11:12:33,736][INFO][restartedMain][DocumentationPluginsBootstrapper] Context refreshed
[2020-09-19 11:12:33,746][INFO][restartedMain][DocumentationPluginsBootstrapper] Found 1 custom documentation plugin(s)
[2020-09-19 11:12:33,768][INFO][restartedMain][ApiListingReferenceScanner] Scanning for api listing references
[2020-09-19 11:12:33,826][INFO][task-1][JtaPlatformInitiator] HHH000490: Using JtaPlatform implementation: [org.hibernate.engine.transaction.jta.platform.internal.NoJtaPlatform]
[2020-09-19 11:12:33,831][INFO][task-1][LocalContainerEntityManagerFactoryBean] Initialized JPA EntityManagerFactory for persistence unit 'default'
[2020-09-19 11:12:33,854][INFO][restartedMain][CachingOperationNameGenerator] Generating unique operation named: createUsingPOST_1
[2020-09-19 11:12:33,874][INFO][restartedMain][DeferredRepositoryInitializationListener] Triggering deferred initialization of Spring Data repositories…
[2020-09-19 11:12:33,997][INFO][restartedMain][DeferredRepositoryInitializationListener] Spring Data repositories initialized!
[2020-09-19 11:12:34,004][INFO][restartedMain][CrmApplication] Started CrmApplication in 2.362 seconds (JVM running for 2.989)
[2020-09-19 11:13:04,611][INFO][http-nio-8080-exec-1][[/]] Initializing Spring DispatcherServlet 'dispatcherServlet'
[2020-09-19 11:13:04,611][INFO][http-nio-8080-exec-1][DispatcherServlet] Initializing Servlet 'dispatcherServlet'
[2020-09-19 11:13:04,615][INFO][http-nio-8080-exec-1][DispatcherServlet] Completed initialization in 4 ms
[2020-09-19 11:13:04,795][WARN][http-nio-8080-exec-1][SessionIdGeneratorBase] Creation of SecureRandom instance for session ID generation using [SHA1PRNG] took [159] milliseconds.
[2020-09-19 11:13:21,435][DEBUG][http-nio-8080-exec-2][CompanyApi] create() req=CompanyApi.CreateReq(name=string, address=string, createdBy=string, updatedBy=string)
[2020-09-19 11:13:21,440][DEBUG][http-nio-8080-exec-2][StoreCompanyService] create() param=CreateCompanyParam(name=string, address=string, createdBy=string, updatedBy=string)
[2020-09-19 11:13:21,462][ERROR][http-nio-8080-exec-2][RestApiExecptionHandler] handleException() 
org.springframework.orm.jpa.JpaSystemException: ids for this class must be manually assigned before calling save(): com.crm.dataproviders.jpa.entity.CompanyEntity; nested exception is org.hibernate.id.IdentifierGenerationException: ids for this class must be manually assigned before calling save(): com.crm.dataproviders.jpa.entity.CompanyEntity
	at org.springframework.orm.jpa.vendor.HibernateJpaDialect.convertHibernateAccessException(HibernateJpaDialect.java:353)
	at org.springframework.orm.jpa.vendor.HibernateJpaDialect.translateExceptionIfPossible(HibernateJpaDialect.java:255)
	at org.springframework.orm.jpa.AbstractEntityManagerFactoryBean.translateExceptionIfPossible(AbstractEntityManagerFactoryBean.java:528)
	at org.springframework.dao.support.ChainedPersistenceExceptionTranslator.translateExceptionIfPossible(ChainedPersistenceExceptionTranslator.java:61)
	at org.springframework.dao.support.DataAccessUtils.translateIfNecessary(DataAccessUtils.java:242)
	at org.springframework.dao.support.PersistenceExceptionTranslationInterceptor.invoke(PersistenceExceptionTranslationInterceptor.java:154)
	at org.springframework.aop.framework.ReflectiveMethodInvocation.proceed(ReflectiveMethodInvocation.java:186)
	at org.springframework.data.jpa.repository.support.CrudMethodMetadataPostProcessor$CrudMethodMetadataPopulatingMethodInterceptor.invoke(CrudMethodMetadataPostProcessor.java:178)
	at org.springframework.aop.framework.ReflectiveMethodInvocation.proceed(ReflectiveMethodInvocation.java:186)
	at org.springframework.aop.interceptor.ExposeInvocationInterceptor.invoke(ExposeInvocationInterceptor.java:95)
	at org.springframework.aop.framework.ReflectiveMethodInvocation.proceed(ReflectiveMethodInvocation.java:186)
	at org.springframework.aop.framework.JdkDynamicAopProxy.invoke(JdkDynamicAopProxy.java:212)
	at com.sun.proxy.$Proxy113.save(Unknown Source)
	at java.base/jdk.internal.reflect.NativeMethodAccessorImpl.invoke0(Native Method)
	at java.base/jdk.internal.reflect.NativeMethodAccessorImpl.invoke(NativeMethodAccessorImpl.java:62)
	at java.base/jdk.internal.reflect.DelegatingMethodAccessorImpl.invoke(DelegatingMethodAccessorImpl.java:43)
	at java.base/java.lang.reflect.Method.invoke(Method.java:566)
	at org.springframework.aop.support.AopUtils.invokeJoinpointUsingReflection(AopUtils.java:344)
	at org.springframework.aop.framework.JdkDynamicAopProxy.invoke(JdkDynamicAopProxy.java:205)
	at com.sun.proxy.$Proxy78.save(Unknown Source)
	at com.crm.dataproviders.jpa.service.CompanyAdapter.save(CompanyAdapter.java:32)
	at com.crm.dataproviders.jpa.service.CompanyAdapter.save(CompanyAdapter.java:16)
	at com.crm.core.usecase.StoreCompanyService.create(StoreCompanyService.java:23)
	at com.crm.rest.CompanyApi.create(CompanyApi.java:58)
	at java.base/jdk.internal.reflect.NativeMethodAccessorImpl.invoke0(Native Method)
	at java.base/jdk.internal.reflect.NativeMethodAccessorImpl.invoke(NativeMethodAccessorImpl.java:62)
	at java.base/jdk.internal.reflect.DelegatingMethodAccessorImpl.invoke(DelegatingMethodAccessorImpl.java:43)
	at java.base/java.lang.reflect.Method.invoke(Method.java:566)
	at org.springframework.web.method.support.InvocableHandlerMethod.doInvoke(InvocableHandlerMethod.java:190)
	at org.springframework.web.method.support.InvocableHandlerMethod.invokeForRequest(InvocableHandlerMethod.java:138)
	at org.springframework.web.servlet.mvc.method.annotation.ServletInvocableHandlerMethod.invokeAndHandle(ServletInvocableHandlerMethod.java:105)
	at org.springframework.web.servlet.mvc.method.annotation.RequestMappingHandlerAdapter.invokeHandlerMethod(RequestMappingHandlerAdapter.java:878)
	at org.springframework.web.servlet.mvc.method.annotation.RequestMappingHandlerAdapter.handleInternal(RequestMappingHandlerAdapter.java:792)
	at org.springframework.web.servlet.mvc.method.AbstractHandlerMethodAdapter.handle(AbstractHandlerMethodAdapter.java:87)
	at org.springframework.web.servlet.DispatcherServlet.doDispatch(DispatcherServlet.java:1040)
	at org.springframework.web.servlet.DispatcherServlet.doService(DispatcherServlet.java:943)
	at org.springframework.web.servlet.FrameworkServlet.processRequest(FrameworkServlet.java:1006)
	at org.springframework.web.servlet.FrameworkServlet.doPost(FrameworkServlet.java:909)
	at javax.servlet.http.HttpServlet.service(HttpServlet.java:652)
	at org.springframework.web.servlet.FrameworkServlet.service(FrameworkServlet.java:883)
	at javax.servlet.http.HttpServlet.service(HttpServlet.java:733)
	at org.apache.catalina.core.ApplicationFilterChain.internalDoFilter(ApplicationFilterChain.java:231)
	at org.apache.catalina.core.ApplicationFilterChain.doFilter(ApplicationFilterChain.java:166)
	at org.apache.tomcat.websocket.server.WsFilter.doFilter(WsFilter.java:53)
	at org.apache.catalina.core.ApplicationFilterChain.internalDoFilter(ApplicationFilterChain.java:193)
	at org.apache.catalina.core.ApplicationFilterChain.doFilter(ApplicationFilterChain.java:166)
	at org.springframework.security.web.FilterChainProxy$VirtualFilterChain.doFilter(FilterChainProxy.java:320)
	at org.springframework.security.web.access.intercept.FilterSecurityInterceptor.invoke(FilterSecurityInterceptor.java:126)
	at org.springframework.security.web.access.intercept.FilterSecurityInterceptor.doFilter(FilterSecurityInterceptor.java:90)
	at org.springframework.security.web.FilterChainProxy$VirtualFilterChain.doFilter(FilterChainProxy.java:334)
	at org.springframework.security.web.access.ExceptionTranslationFilter.doFilter(ExceptionTranslationFilter.java:118)
	at org.springframework.security.web.FilterChainProxy$VirtualFilterChain.doFilter(FilterChainProxy.java:334)
	at org.springframework.security.web.session.SessionManagementFilter.doFilter(SessionManagementFilter.java:137)
	at org.springframework.security.web.FilterChainProxy$VirtualFilterChain.doFilter(FilterChainProxy.java:334)
	at org.springframework.security.web.authentication.AnonymousAuthenticationFilter.doFilter(AnonymousAuthenticationFilter.java:111)
	at org.springframework.security.web.FilterChainProxy$VirtualFilterChain.doFilter(FilterChainProxy.java:334)
	at org.springframework.security.web.servletapi.SecurityContextHolderAwareRequestFilter.doFilter(SecurityContextHolderAwareRequestFilter.java:158)
	at org.springframework.security.web.FilterChainProxy$VirtualFilterChain.doFilter(FilterChainProxy.java:334)
	at org.springframework.security.web.savedrequest.RequestCacheAwareFilter.doFilter(RequestCacheAwareFilter.java:63)
	at org.springframework.security.web.FilterChainProxy$VirtualFilterChain.doFilter(FilterChainProxy.java:334)
	at org.springframework.security.web.authentication.www.BasicAuthenticationFilter.doFilterInternal(BasicAuthenticationFilter.java:204)
	at org.springframework.web.filter.OncePerRequestFilter.doFilter(OncePerRequestFilter.java:119)
	at org.springframework.security.web.FilterChainProxy$VirtualFilterChain.doFilter(FilterChainProxy.java:334)
	at org.springframework.security.web.authentication.logout.LogoutFilter.doFilter(LogoutFilter.java:116)
	at org.springframework.security.web.FilterChainProxy$VirtualFilterChain.doFilter(FilterChainProxy.java:334)
	at org.springframework.security.web.header.HeaderWriterFilter.doHeadersAfter(HeaderWriterFilter.java:92)
	at org.springframework.security.web.header.HeaderWriterFilter.doFilterInternal(HeaderWriterFilter.java:77)
	at org.springframework.web.filter.OncePerRequestFilter.doFilter(OncePerRequestFilter.java:119)
	at org.springframework.security.web.FilterChainProxy$VirtualFilterChain.doFilter(FilterChainProxy.java:334)
	at org.springframework.security.web.context.SecurityContextPersistenceFilter.doFilter(SecurityContextPersistenceFilter.java:105)
	at org.springframework.security.web.FilterChainProxy$VirtualFilterChain.doFilter(FilterChainProxy.java:334)
	at org.springframework.security.web.context.request.async.WebAsyncManagerIntegrationFilter.doFilterInternal(WebAsyncManagerIntegrationFilter.java:56)
	at org.springframework.web.filter.OncePerRequestFilter.doFilter(OncePerRequestFilter.java:119)
	at org.springframework.security.web.FilterChainProxy$VirtualFilterChain.doFilter(FilterChainProxy.java:334)
	at org.springframework.security.web.FilterChainProxy.doFilterInternal(FilterChainProxy.java:215)
	at org.springframework.security.web.FilterChainProxy.doFilter(FilterChainProxy.java:178)
	at org.springframework.web.filter.DelegatingFilterProxy.invokeDelegate(DelegatingFilterProxy.java:358)
	at org.springframework.web.filter.DelegatingFilterProxy.doFilter(DelegatingFilterProxy.java:271)
	at org.apache.catalina.core.ApplicationFilterChain.internalDoFilter(ApplicationFilterChain.java:193)
	at org.apache.catalina.core.ApplicationFilterChain.doFilter(ApplicationFilterChain.java:166)
	at org.springframework.web.filter.RequestContextFilter.doFilterInternal(RequestContextFilter.java:100)
	at org.springframework.web.filter.OncePerRequestFilter.doFilter(OncePerRequestFilter.java:119)
	at org.apache.catalina.core.ApplicationFilterChain.internalDoFilter(ApplicationFilterChain.java:193)
	at org.apache.catalina.core.ApplicationFilterChain.doFilter(ApplicationFilterChain.java:166)
	at org.springframework.web.filter.FormContentFilter.doFilterInternal(FormContentFilter.java:93)
	at org.springframework.web.filter.OncePerRequestFilter.doFilter(OncePerRequestFilter.java:119)
	at org.apache.catalina.core.ApplicationFilterChain.internalDoFilter(ApplicationFilterChain.java:193)
	at org.apache.catalina.core.ApplicationFilterChain.doFilter(ApplicationFilterChain.java:166)
	at org.springframework.web.filter.CharacterEncodingFilter.doFilterInternal(CharacterEncodingFilter.java:201)
	at org.springframework.web.filter.OncePerRequestFilter.doFilter(OncePerRequestFilter.java:119)
	at org.apache.catalina.core.ApplicationFilterChain.internalDoFilter(ApplicationFilterChain.java:193)
	at org.apache.catalina.core.ApplicationFilterChain.doFilter(ApplicationFilterChain.java:166)
	at org.apache.catalina.core.StandardWrapperValve.invoke(StandardWrapperValve.java:202)
	at org.apache.catalina.core.StandardContextValve.invoke(StandardContextValve.java:97)
	at org.apache.catalina.authenticator.AuthenticatorBase.invoke(AuthenticatorBase.java:541)
	at org.apache.catalina.core.StandardHostValve.invoke(StandardHostValve.java:143)
	at org.apache.catalina.valves.ErrorReportValve.invoke(ErrorReportValve.java:92)
	at org.apache.catalina.core.StandardEngineValve.invoke(StandardEngineValve.java:78)
	at org.apache.catalina.connector.CoyoteAdapter.service(CoyoteAdapter.java:343)
	at org.apache.coyote.http11.Http11Processor.service(Http11Processor.java:374)
	at org.apache.coyote.AbstractProcessorLight.process(AbstractProcessorLight.java:65)
	at org.apache.coyote.AbstractProtocol$ConnectionHandler.process(AbstractProtocol.java:868)
	at org.apache.tomcat.util.net.NioEndpoint$SocketProcessor.doRun(NioEndpoint.java:1590)
	at org.apache.tomcat.util.net.SocketProcessorBase.run(SocketProcessorBase.java:49)
	at java.base/java.util.concurrent.ThreadPoolExecutor.runWorker(ThreadPoolExecutor.java:1128)
	at java.base/java.util.concurrent.ThreadPoolExecutor$Worker.run(ThreadPoolExecutor.java:628)
	at org.apache.tomcat.util.threads.TaskThread$WrappingRunnable.run(TaskThread.java:61)
	at java.base/java.lang.Thread.run(Thread.java:834)
Caused by: org.hibernate.id.IdentifierGenerationException: ids for this class must be manually assigned before calling save(): com.crm.dataproviders.jpa.entity.CompanyEntity
	at org.hibernate.id.Assigned.generate(Assigned.java:33)
	at org.hibernate.event.internal.AbstractSaveEventListener.saveWithGeneratedId(AbstractSaveEventListener.java:115)
	at org.hibernate.event.internal.DefaultPersistEventListener.entityIsTransient(DefaultPersistEventListener.java:185)
	at org.hibernate.event.internal.DefaultPersistEventListener.onPersist(DefaultPersistEventListener.java:128)
	at org.hibernate.event.internal.DefaultPersistEventListener.onPersist(DefaultPersistEventListener.java:55)
	at org.hibernate.event.service.internal.EventListenerGroupImpl.fireEventOnEachListener(EventListenerGroupImpl.java:102)
	at org.hibernate.internal.SessionImpl.firePersist(SessionImpl.java:721)
	at org.hibernate.internal.SessionImpl.persist(SessionImpl.java:707)
	at java.base/jdk.internal.reflect.NativeMethodAccessorImpl.invoke0(Native Method)
	at java.base/jdk.internal.reflect.NativeMethodAccessorImpl.invoke(NativeMethodAccessorImpl.java:62)
	at java.base/jdk.internal.reflect.DelegatingMethodAccessorImpl.invoke(DelegatingMethodAccessorImpl.java:43)
	at java.base/java.lang.reflect.Method.invoke(Method.java:566)
	at org.springframework.orm.jpa.ExtendedEntityManagerCreator$ExtendedEntityManagerInvocationHandler.invoke(ExtendedEntityManagerCreator.java:366)
	at com.sun.proxy.$Proxy110.persist(Unknown Source)
	at java.base/jdk.internal.reflect.NativeMethodAccessorImpl.invoke0(Native Method)
	at java.base/jdk.internal.reflect.NativeMethodAccessorImpl.invoke(NativeMethodAccessorImpl.java:62)
	at java.base/jdk.internal.reflect.DelegatingMethodAccessorImpl.invoke(DelegatingMethodAccessorImpl.java:43)
	at java.base/java.lang.reflect.Method.invoke(Method.java:566)
	at org.springframework.orm.jpa.SharedEntityManagerCreator$SharedEntityManagerInvocationHandler.invoke(SharedEntityManagerCreator.java:314)
	at com.sun.proxy.$Proxy110.persist(Unknown Source)
	at org.springframework.data.jpa.repository.support.SimpleJpaRepository.save(SimpleJpaRepository.java:554)
	at java.base/jdk.internal.reflect.NativeMethodAccessorImpl.invoke0(Native Method)
	at java.base/jdk.internal.reflect.NativeMethodAccessorImpl.invoke(NativeMethodAccessorImpl.java:62)
	at java.base/jdk.internal.reflect.DelegatingMethodAccessorImpl.invoke(DelegatingMethodAccessorImpl.java:43)
	at java.base/java.lang.reflect.Method.invoke(Method.java:566)
	at org.springframework.data.repository.core.support.ImplementationInvocationMetadata.invoke(ImplementationInvocationMetadata.java:72)
	at org.springframework.data.repository.core.support.RepositoryComposition$RepositoryFragments.invoke(RepositoryComposition.java:382)
	at org.springframework.data.repository.core.support.RepositoryComposition.invoke(RepositoryComposition.java:205)
	at org.springframework.data.repository.core.support.RepositoryFactorySupport$ImplementationMethodExecutionInterceptor.invoke(RepositoryFactorySupport.java:549)
	at org.springframework.aop.framework.ReflectiveMethodInvocation.proceed(ReflectiveMethodInvocation.java:186)
	at org.springframework.data.repository.core.support.QueryExecutorMethodInterceptor.doInvoke(QueryExecutorMethodInterceptor.java:155)
	at org.springframework.data.repository.core.support.QueryExecutorMethodInterceptor.invoke(QueryExecutorMethodInterceptor.java:130)
	at org.springframework.aop.framework.ReflectiveMethodInvocation.proceed(ReflectiveMethodInvocation.java:186)
	at org.springframework.data.projection.DefaultMethodInvokingMethodInterceptor.invoke(DefaultMethodInvokingMethodInterceptor.java:80)
	at org.springframework.aop.framework.ReflectiveMethodInvocation.proceed(ReflectiveMethodInvocation.java:186)
	at org.springframework.transaction.interceptor.TransactionAspectSupport.invokeWithinTransaction(TransactionAspectSupport.java:367)
	at org.springframework.transaction.interceptor.TransactionInterceptor.invoke(TransactionInterceptor.java:118)
	at org.springframework.aop.framework.ReflectiveMethodInvocation.proceed(ReflectiveMethodInvocation.java:186)
	at org.springframework.dao.support.PersistenceExceptionTranslationInterceptor.invoke(PersistenceExceptionTranslationInterceptor.java:139)
	... 102 common frames omitted
[2020-09-19 11:13:21,466][WARN][http-nio-8080-exec-2][ExceptionHandlerExceptionResolver] Resolved [org.springframework.orm.jpa.JpaSystemException: ids for this class must be manually assigned before calling save(): com.crm.dataproviders.jpa.entity.CompanyEntity; nested exception is org.hibernate.id.IdentifierGenerationException: ids for this class must be manually assigned before calling save(): com.crm.dataproviders.jpa.entity.CompanyEntity]
[2020-09-19 11:14:01,692][INFO][restartedMain][CrmApplication] Starting CrmApplication on DESKTOP-MR1BUD7 with PID 7008 (C:\Users\Tony\Desktop\project\crm\target\classes started by Tony in C:\Users\Tony\Desktop\project\crm)
[2020-09-19 11:14:01,694][DEBUG][restartedMain][CrmApplication] Running with Spring Boot v2.3.4.RELEASE, Spring v5.2.9.RELEASE
[2020-09-19 11:14:01,694][INFO][restartedMain][CrmApplication] No active profile set, falling back to default profiles: default
[2020-09-19 11:14:01,725][INFO][restartedMain][DevToolsPropertyDefaultsPostProcessor] Devtools property defaults active! Set 'spring.devtools.add-properties' to 'false' to disable
[2020-09-19 11:14:01,725][INFO][restartedMain][DevToolsPropertyDefaultsPostProcessor] For additional web related logging consider setting the 'logging.level.web' property to 'DEBUG'
[2020-09-19 11:14:02,278][INFO][restartedMain][RepositoryConfigurationDelegate] Bootstrapping Spring Data JPA repositories in DEFERRED mode.
[2020-09-19 11:14:02,316][INFO][restartedMain][RepositoryConfigurationDelegate] Finished Spring Data repository scanning in 34ms. Found 2 JPA repository interfaces.
[2020-09-19 11:14:02,665][INFO][restartedMain][TomcatWebServer] Tomcat initialized with port(s): 8080 (http)
[2020-09-19 11:14:02,671][INFO][restartedMain][StandardService] Starting service [Tomcat]
[2020-09-19 11:14:02,671][INFO][restartedMain][StandardEngine] Starting Servlet engine: [Apache Tomcat/9.0.38]
[2020-09-19 11:14:02,734][INFO][restartedMain][[/]] Initializing Spring embedded WebApplicationContext
[2020-09-19 11:14:02,734][INFO][restartedMain][ServletWebServerApplicationContext] Root WebApplicationContext: initialization completed in 1009 ms
[2020-09-19 11:14:02,760][INFO][restartedMain][HikariDataSource] HikariPool-1 - Starting...
[2020-09-19 11:14:02,817][INFO][restartedMain][HikariDataSource] HikariPool-1 - Start completed.
[2020-09-19 11:14:02,821][INFO][restartedMain][H2ConsoleAutoConfiguration] H2 console available at '/h2-console'. Database available at 'jdbc:h2:mem:test'
[2020-09-19 11:14:02,902][INFO][restartedMain][ThreadPoolTaskExecutor] Initializing ExecutorService 'applicationTaskExecutor'
[2020-09-19 11:14:02,926][INFO][task-1][LogHelper] HHH000204: Processing PersistenceUnitInfo [name: default]
[2020-09-19 11:14:02,950][INFO][task-1][Version] HHH000412: Hibernate ORM core version 5.4.21.Final
[2020-09-19 11:14:02,951][WARN][restartedMain][JpaBaseConfiguration$JpaWebConfiguration] spring.jpa.open-in-view is enabled by default. Therefore, database queries may be performed during view rendering. Explicitly configure spring.jpa.open-in-view to disable this warning
[2020-09-19 11:14:03,015][INFO][task-1][Version] HCANN000001: Hibernate Commons Annotations {5.1.0.Final}
[2020-09-19 11:14:03,072][INFO][task-1][Dialect] HHH000400: Using dialect: org.hibernate.dialect.H2Dialect
[2020-09-19 11:14:03,217][INFO][restartedMain][DefaultSecurityFilterChain] Creating filter chain: any request, [org.springframework.security.web.context.request.async.WebAsyncManagerIntegrationFilter@51cdceff, org.springframework.security.web.context.SecurityContextPersistenceFilter@62a53831, org.springframework.security.web.header.HeaderWriterFilter@6370d368, org.springframework.security.web.authentication.logout.LogoutFilter@1bd1b115, org.springframework.security.web.authentication.www.BasicAuthenticationFilter@3da59d20, org.springframework.security.web.savedrequest.RequestCacheAwareFilter@76eb6f97, org.springframework.security.web.servletapi.SecurityContextHolderAwareRequestFilter@643158f4, org.springframework.security.web.authentication.AnonymousAuthenticationFilter@2f1ff49d, org.springframework.security.web.session.SessionManagementFilter@321c0da6, org.springframework.security.web.access.ExceptionTranslationFilter@557d56fd, org.springframework.security.web.access.intercept.FilterSecurityInterceptor@3a9737da]
[2020-09-19 11:14:03,230][INFO][restartedMain][PropertySourcedRequestMappingHandlerMapping] Mapped URL path [/v2/api-docs] onto method [springfox.documentation.swagger2.web.Swagger2Controller#getDocumentation(String, HttpServletRequest)]
[2020-09-19 11:14:03,314][INFO][restartedMain][OptionalLiveReloadServer] LiveReload server is running on port 35729
[2020-09-19 11:14:03,441][INFO][task-1][JtaPlatformInitiator] HHH000490: Using JtaPlatform implementation: [org.hibernate.engine.transaction.jta.platform.internal.NoJtaPlatform]
[2020-09-19 11:14:03,442][INFO][restartedMain][TomcatWebServer] Tomcat started on port(s): 8080 (http) with context path ''
[2020-09-19 11:14:03,443][INFO][restartedMain][DocumentationPluginsBootstrapper] Context refreshed
[2020-09-19 11:14:03,448][INFO][task-1][LocalContainerEntityManagerFactoryBean] Initialized JPA EntityManagerFactory for persistence unit 'default'
[2020-09-19 11:14:03,455][INFO][restartedMain][DocumentationPluginsBootstrapper] Found 1 custom documentation plugin(s)
[2020-09-19 11:14:03,475][INFO][restartedMain][ApiListingReferenceScanner] Scanning for api listing references
[2020-09-19 11:14:03,561][INFO][restartedMain][CachingOperationNameGenerator] Generating unique operation named: createUsingPOST_1
[2020-09-19 11:14:03,584][INFO][restartedMain][DeferredRepositoryInitializationListener] Triggering deferred initialization of Spring Data repositories…
[2020-09-19 11:14:03,714][INFO][restartedMain][DeferredRepositoryInitializationListener] Spring Data repositories initialized!
[2020-09-19 11:14:03,722][INFO][restartedMain][CrmApplication] Started CrmApplication in 2.313 seconds (JVM running for 2.983)
[2020-09-19 11:15:21,301][INFO][restartedMain][CrmApplication] Starting CrmApplication on DESKTOP-MR1BUD7 with PID 5128 (C:\Users\Tony\Desktop\project\crm\target\classes started by Tony in C:\Users\Tony\Desktop\project\crm)
[2020-09-19 11:15:21,303][DEBUG][restartedMain][CrmApplication] Running with Spring Boot v2.3.4.RELEASE, Spring v5.2.9.RELEASE
[2020-09-19 11:15:21,303][INFO][restartedMain][CrmApplication] No active profile set, falling back to default profiles: default
[2020-09-19 11:15:21,338][INFO][restartedMain][DevToolsPropertyDefaultsPostProcessor] Devtools property defaults active! Set 'spring.devtools.add-properties' to 'false' to disable
[2020-09-19 11:15:21,338][INFO][restartedMain][DevToolsPropertyDefaultsPostProcessor] For additional web related logging consider setting the 'logging.level.web' property to 'DEBUG'
[2020-09-19 11:15:21,915][INFO][restartedMain][RepositoryConfigurationDelegate] Bootstrapping Spring Data JPA repositories in DEFERRED mode.
[2020-09-19 11:15:21,954][INFO][restartedMain][RepositoryConfigurationDelegate] Finished Spring Data repository scanning in 34ms. Found 2 JPA repository interfaces.
[2020-09-19 11:15:22,352][INFO][restartedMain][TomcatWebServer] Tomcat initialized with port(s): 8080 (http)
[2020-09-19 11:15:22,358][INFO][restartedMain][StandardService] Starting service [Tomcat]
[2020-09-19 11:15:22,358][INFO][restartedMain][StandardEngine] Starting Servlet engine: [Apache Tomcat/9.0.38]
[2020-09-19 11:15:22,426][INFO][restartedMain][[/]] Initializing Spring embedded WebApplicationContext
[2020-09-19 11:15:22,426][INFO][restartedMain][ServletWebServerApplicationContext] Root WebApplicationContext: initialization completed in 1088 ms
[2020-09-19 11:15:22,456][INFO][restartedMain][HikariDataSource] HikariPool-1 - Starting...
[2020-09-19 11:15:22,514][INFO][restartedMain][HikariDataSource] HikariPool-1 - Start completed.
[2020-09-19 11:15:22,517][INFO][restartedMain][H2ConsoleAutoConfiguration] H2 console available at '/h2-console'. Database available at 'jdbc:h2:mem:test'
[2020-09-19 11:15:22,590][INFO][restartedMain][ThreadPoolTaskExecutor] Initializing ExecutorService 'applicationTaskExecutor'
[2020-09-19 11:15:22,614][INFO][task-1][LogHelper] HHH000204: Processing PersistenceUnitInfo [name: default]
[2020-09-19 11:15:22,643][INFO][task-1][Version] HHH000412: Hibernate ORM core version 5.4.21.Final
[2020-09-19 11:15:22,644][WARN][restartedMain][JpaBaseConfiguration$JpaWebConfiguration] spring.jpa.open-in-view is enabled by default. Therefore, database queries may be performed during view rendering. Explicitly configure spring.jpa.open-in-view to disable this warning
[2020-09-19 11:15:22,708][INFO][task-1][Version] HCANN000001: Hibernate Commons Annotations {5.1.0.Final}
[2020-09-19 11:15:22,769][INFO][task-1][Dialect] HHH000400: Using dialect: org.hibernate.dialect.H2Dialect
[2020-09-19 11:15:22,907][INFO][restartedMain][DefaultSecurityFilterChain] Creating filter chain: any request, [org.springframework.security.web.context.request.async.WebAsyncManagerIntegrationFilter@5fd4404e, org.springframework.security.web.context.SecurityContextPersistenceFilter@58a08005, org.springframework.security.web.header.HeaderWriterFilter@4be9d029, org.springframework.security.web.authentication.logout.LogoutFilter@5410557a, org.springframework.security.web.authentication.www.BasicAuthenticationFilter@12de7844, org.springframework.security.web.savedrequest.RequestCacheAwareFilter@f23b4e1, org.springframework.security.web.servletapi.SecurityContextHolderAwareRequestFilter@5f32e14a, org.springframework.security.web.authentication.AnonymousAuthenticationFilter@28029c24, org.springframework.security.web.session.SessionManagementFilter@515ce21a, org.springframework.security.web.access.ExceptionTranslationFilter@6183816b, org.springframework.security.web.access.intercept.FilterSecurityInterceptor@195e852e]
[2020-09-19 11:15:22,920][INFO][restartedMain][PropertySourcedRequestMappingHandlerMapping] Mapped URL path [/v2/api-docs] onto method [springfox.documentation.swagger2.web.Swagger2Controller#getDocumentation(String, HttpServletRequest)]
[2020-09-19 11:15:23,002][INFO][restartedMain][OptionalLiveReloadServer] LiveReload server is running on port 35729
[2020-09-19 11:15:23,106][INFO][restartedMain][TomcatWebServer] Tomcat started on port(s): 8080 (http) with context path ''
[2020-09-19 11:15:23,107][INFO][restartedMain][DocumentationPluginsBootstrapper] Context refreshed
[2020-09-19 11:15:23,118][INFO][task-1][JtaPlatformInitiator] HHH000490: Using JtaPlatform implementation: [org.hibernate.engine.transaction.jta.platform.internal.NoJtaPlatform]
[2020-09-19 11:15:23,118][INFO][restartedMain][DocumentationPluginsBootstrapper] Found 1 custom documentation plugin(s)
[2020-09-19 11:15:23,122][INFO][task-1][LocalContainerEntityManagerFactoryBean] Initialized JPA EntityManagerFactory for persistence unit 'default'
[2020-09-19 11:15:23,142][INFO][restartedMain][ApiListingReferenceScanner] Scanning for api listing references
[2020-09-19 11:15:23,225][INFO][restartedMain][CachingOperationNameGenerator] Generating unique operation named: createUsingPOST_1
[2020-09-19 11:15:23,246][INFO][restartedMain][DeferredRepositoryInitializationListener] Triggering deferred initialization of Spring Data repositories…
[2020-09-19 11:15:23,363][INFO][restartedMain][DeferredRepositoryInitializationListener] Spring Data repositories initialized!
[2020-09-19 11:15:23,371][INFO][restartedMain][CrmApplication] Started CrmApplication in 2.353 seconds (JVM running for 2.978)
[2020-09-19 11:15:26,913][INFO][http-nio-8080-exec-1][[/]] Initializing Spring DispatcherServlet 'dispatcherServlet'
[2020-09-19 11:15:26,913][INFO][http-nio-8080-exec-1][DispatcherServlet] Initializing Servlet 'dispatcherServlet'
[2020-09-19 11:15:26,918][INFO][http-nio-8080-exec-1][DispatcherServlet] Completed initialization in 5 ms
[2020-09-19 11:15:27,228][WARN][http-nio-8080-exec-1][SessionIdGeneratorBase] Creation of SecureRandom instance for session ID generation using [SHA1PRNG] took [167] milliseconds.
[2020-09-19 11:15:27,267][DEBUG][http-nio-8080-exec-1][CompanyApi] create() req=CompanyApi.CreateReq(name=string, address=string, createdBy=string, updatedBy=string)
[2020-09-19 11:15:27,272][DEBUG][http-nio-8080-exec-1][StoreCompanyService] create() param=CreateCompanyParam(name=string, address=string, createdBy=string, updatedBy=string)
[2020-09-19 11:15:27,304][DEBUG][http-nio-8080-exec-1][CompanyApi] create() result=true
[2020-09-19 11:16:07,723][DEBUG][http-nio-8080-exec-9][CompanyApi] view()
[2020-09-19 11:16:39,740][INFO][restartedMain][CrmApplication] Starting CrmApplication on DESKTOP-MR1BUD7 with PID 7176 (C:\Users\Tony\Desktop\project\crm\target\classes started by Tony in C:\Users\Tony\Desktop\project\crm)
[2020-09-19 11:16:39,742][DEBUG][restartedMain][CrmApplication] Running with Spring Boot v2.3.4.RELEASE, Spring v5.2.9.RELEASE
[2020-09-19 11:16:39,743][INFO][restartedMain][CrmApplication] No active profile set, falling back to default profiles: default
[2020-09-19 11:16:39,780][INFO][restartedMain][DevToolsPropertyDefaultsPostProcessor] Devtools property defaults active! Set 'spring.devtools.add-properties' to 'false' to disable
[2020-09-19 11:16:39,780][INFO][restartedMain][DevToolsPropertyDefaultsPostProcessor] For additional web related logging consider setting the 'logging.level.web' property to 'DEBUG'
[2020-09-19 11:16:40,346][INFO][restartedMain][RepositoryConfigurationDelegate] Bootstrapping Spring Data JPA repositories in DEFERRED mode.
[2020-09-19 11:16:40,387][INFO][restartedMain][RepositoryConfigurationDelegate] Finished Spring Data repository scanning in 36ms. Found 2 JPA repository interfaces.
[2020-09-19 11:16:40,737][INFO][restartedMain][TomcatWebServer] Tomcat initialized with port(s): 8080 (http)
[2020-09-19 11:16:40,746][INFO][restartedMain][StandardService] Starting service [Tomcat]
[2020-09-19 11:16:40,746][INFO][restartedMain][StandardEngine] Starting Servlet engine: [Apache Tomcat/9.0.38]
[2020-09-19 11:16:40,799][INFO][restartedMain][[/]] Initializing Spring embedded WebApplicationContext
[2020-09-19 11:16:40,799][INFO][restartedMain][ServletWebServerApplicationContext] Root WebApplicationContext: initialization completed in 1019 ms
[2020-09-19 11:16:40,825][INFO][restartedMain][HikariDataSource] HikariPool-1 - Starting...
[2020-09-19 11:16:40,883][INFO][restartedMain][HikariDataSource] HikariPool-1 - Start completed.
[2020-09-19 11:16:40,886][INFO][restartedMain][H2ConsoleAutoConfiguration] H2 console available at '/h2-console'. Database available at 'jdbc:h2:mem:test'
[2020-09-19 11:16:40,965][INFO][restartedMain][ThreadPoolTaskExecutor] Initializing ExecutorService 'applicationTaskExecutor'
[2020-09-19 11:16:40,993][INFO][task-1][LogHelper] HHH000204: Processing PersistenceUnitInfo [name: default]
[2020-09-19 11:16:41,019][WARN][restartedMain][JpaBaseConfiguration$JpaWebConfiguration] spring.jpa.open-in-view is enabled by default. Therefore, database queries may be performed during view rendering. Explicitly configure spring.jpa.open-in-view to disable this warning
[2020-09-19 11:16:41,023][INFO][task-1][Version] HHH000412: Hibernate ORM core version 5.4.21.Final
[2020-09-19 11:16:41,095][INFO][task-1][Version] HCANN000001: Hibernate Commons Annotations {5.1.0.Final}
[2020-09-19 11:16:41,159][INFO][task-1][Dialect] HHH000400: Using dialect: org.hibernate.dialect.H2Dialect
[2020-09-19 11:16:41,295][INFO][restartedMain][DefaultSecurityFilterChain] Creating filter chain: any request, [org.springframework.security.web.context.request.async.WebAsyncManagerIntegrationFilter@7a4757ad, org.springframework.security.web.context.SecurityContextPersistenceFilter@3d893c12, org.springframework.security.web.header.HeaderWriterFilter@4914a2fc, org.springframework.security.web.authentication.logout.LogoutFilter@4ee8027b, org.springframework.security.web.authentication.www.BasicAuthenticationFilter@375639a5, org.springframework.security.web.savedrequest.RequestCacheAwareFilter@2930fd3c, org.springframework.security.web.servletapi.SecurityContextHolderAwareRequestFilter@6f13a54e, org.springframework.security.web.authentication.AnonymousAuthenticationFilter@3ba9c8b3, org.springframework.security.web.session.SessionManagementFilter@a89f2c7, org.springframework.security.web.access.ExceptionTranslationFilter@73022fd1, org.springframework.security.web.access.intercept.FilterSecurityInterceptor@3b4de39]
[2020-09-19 11:16:41,308][INFO][restartedMain][PropertySourcedRequestMappingHandlerMapping] Mapped URL path [/v2/api-docs] onto method [springfox.documentation.swagger2.web.Swagger2Controller#getDocumentation(String, HttpServletRequest)]
[2020-09-19 11:16:41,412][INFO][restartedMain][OptionalLiveReloadServer] LiveReload server is running on port 35729
[2020-09-19 11:16:41,546][INFO][restartedMain][TomcatWebServer] Tomcat started on port(s): 8080 (http) with context path ''
[2020-09-19 11:16:41,547][INFO][restartedMain][DocumentationPluginsBootstrapper] Context refreshed
[2020-09-19 11:16:41,557][INFO][task-1][JtaPlatformInitiator] HHH000490: Using JtaPlatform implementation: [org.hibernate.engine.transaction.jta.platform.internal.NoJtaPlatform]
[2020-09-19 11:16:41,559][INFO][restartedMain][DocumentationPluginsBootstrapper] Found 1 custom documentation plugin(s)
[2020-09-19 11:16:41,562][INFO][task-1][LocalContainerEntityManagerFactoryBean] Initialized JPA EntityManagerFactory for persistence unit 'default'
[2020-09-19 11:16:41,580][INFO][restartedMain][ApiListingReferenceScanner] Scanning for api listing references
[2020-09-19 11:16:41,665][INFO][restartedMain][CachingOperationNameGenerator] Generating unique operation named: createUsingPOST_1
[2020-09-19 11:16:41,686][INFO][restartedMain][DeferredRepositoryInitializationListener] Triggering deferred initialization of Spring Data repositories…
[2020-09-19 11:16:41,808][INFO][restartedMain][DeferredRepositoryInitializationListener] Spring Data repositories initialized!
[2020-09-19 11:16:41,817][INFO][restartedMain][CrmApplication] Started CrmApplication in 2.372 seconds (JVM running for 2.996)
[2020-09-19 11:16:44,130][INFO][http-nio-8080-exec-1][[/]] Initializing Spring DispatcherServlet 'dispatcherServlet'
[2020-09-19 11:16:44,130][INFO][http-nio-8080-exec-1][DispatcherServlet] Initializing Servlet 'dispatcherServlet'
[2020-09-19 11:16:44,136][INFO][http-nio-8080-exec-1][DispatcherServlet] Completed initialization in 6 ms
[2020-09-19 11:16:44,451][WARN][http-nio-8080-exec-1][SessionIdGeneratorBase] Creation of SecureRandom instance for session ID generation using [SHA1PRNG] took [167] milliseconds.
[2020-09-19 11:16:57,899][DEBUG][http-nio-8080-exec-10][CompanyApi] create() reqList=[CompanyApi.CreateReq(name=string, address=string, createdBy=string, updatedBy=string), CompanyApi.CreateReq(name=string2, address=string2, createdBy=string2, updatedBy=string2)]
[2020-09-19 11:16:57,905][DEBUG][http-nio-8080-exec-10][StoreCompanyService] create() paramList size=2
[2020-09-19 11:16:57,905][DEBUG][http-nio-8080-exec-10][StoreCompanyService] create() result=false
[2020-09-19 11:16:57,905][DEBUG][http-nio-8080-exec-10][CompanyApi] create() result=false
[2020-09-19 11:17:00,052][DEBUG][http-nio-8080-exec-2][CompanyApi] create() reqList=[CompanyApi.CreateReq(name=string, address=string, createdBy=string, updatedBy=string), CompanyApi.CreateReq(name=string2, address=string2, createdBy=string2, updatedBy=string2)]
[2020-09-19 11:17:00,052][DEBUG][http-nio-8080-exec-2][StoreCompanyService] create() paramList size=2
[2020-09-19 11:17:00,052][DEBUG][http-nio-8080-exec-2][StoreCompanyService] create() result=false
[2020-09-19 11:17:00,052][DEBUG][http-nio-8080-exec-2][CompanyApi] create() result=false
[2020-09-19 11:19:25,904][INFO][restartedMain][CrmApplication] Starting CrmApplication on DESKTOP-MR1BUD7 with PID 14876 (C:\Users\Tony\Desktop\project\crm\target\classes started by Tony in C:\Users\Tony\Desktop\project\crm)
[2020-09-19 11:19:25,905][DEBUG][restartedMain][CrmApplication] Running with Spring Boot v2.3.4.RELEASE, Spring v5.2.9.RELEASE
[2020-09-19 11:19:25,906][INFO][restartedMain][CrmApplication] No active profile set, falling back to default profiles: default
[2020-09-19 11:19:25,933][INFO][restartedMain][DevToolsPropertyDefaultsPostProcessor] Devtools property defaults active! Set 'spring.devtools.add-properties' to 'false' to disable
[2020-09-19 11:19:25,933][INFO][restartedMain][DevToolsPropertyDefaultsPostProcessor] For additional web related logging consider setting the 'logging.level.web' property to 'DEBUG'
[2020-09-19 11:19:26,498][INFO][restartedMain][RepositoryConfigurationDelegate] Bootstrapping Spring Data JPA repositories in DEFERRED mode.
[2020-09-19 11:19:26,538][INFO][restartedMain][RepositoryConfigurationDelegate] Finished Spring Data repository scanning in 35ms. Found 2 JPA repository interfaces.
[2020-09-19 11:19:26,890][INFO][restartedMain][TomcatWebServer] Tomcat initialized with port(s): 8080 (http)
[2020-09-19 11:19:26,897][INFO][restartedMain][StandardService] Starting service [Tomcat]
[2020-09-19 11:19:26,897][INFO][restartedMain][StandardEngine] Starting Servlet engine: [Apache Tomcat/9.0.38]
[2020-09-19 11:19:26,966][INFO][restartedMain][[/]] Initializing Spring embedded WebApplicationContext
[2020-09-19 11:19:26,966][INFO][restartedMain][ServletWebServerApplicationContext] Root WebApplicationContext: initialization completed in 1033 ms
[2020-09-19 11:19:26,994][INFO][restartedMain][HikariDataSource] HikariPool-1 - Starting...
[2020-09-19 11:19:27,058][INFO][restartedMain][HikariDataSource] HikariPool-1 - Start completed.
[2020-09-19 11:19:27,062][INFO][restartedMain][H2ConsoleAutoConfiguration] H2 console available at '/h2-console'. Database available at 'jdbc:h2:mem:test'
[2020-09-19 11:19:27,143][INFO][restartedMain][ThreadPoolTaskExecutor] Initializing ExecutorService 'applicationTaskExecutor'
[2020-09-19 11:19:27,172][INFO][task-1][LogHelper] HHH000204: Processing PersistenceUnitInfo [name: default]
[2020-09-19 11:19:27,199][INFO][task-1][Version] HHH000412: Hibernate ORM core version 5.4.21.Final
[2020-09-19 11:19:27,200][WARN][restartedMain][JpaBaseConfiguration$JpaWebConfiguration] spring.jpa.open-in-view is enabled by default. Therefore, database queries may be performed during view rendering. Explicitly configure spring.jpa.open-in-view to disable this warning
[2020-09-19 11:19:27,264][INFO][task-1][Version] HCANN000001: Hibernate Commons Annotations {5.1.0.Final}
[2020-09-19 11:19:27,323][INFO][task-1][Dialect] HHH000400: Using dialect: org.hibernate.dialect.H2Dialect
[2020-09-19 11:19:27,457][INFO][restartedMain][DefaultSecurityFilterChain] Creating filter chain: any request, [org.springframework.security.web.context.request.async.WebAsyncManagerIntegrationFilter@703af02, org.springframework.security.web.context.SecurityContextPersistenceFilter@ec0c150, org.springframework.security.web.header.HeaderWriterFilter@dbe54bc, org.springframework.security.web.authentication.logout.LogoutFilter@418b8a68, org.springframework.security.web.authentication.www.BasicAuthenticationFilter@5114ffbf, org.springframework.security.web.savedrequest.RequestCacheAwareFilter@652ef882, org.springframework.security.web.servletapi.SecurityContextHolderAwareRequestFilter@3ed250fd, org.springframework.security.web.authentication.AnonymousAuthenticationFilter@783165dc, org.springframework.security.web.session.SessionManagementFilter@724c9cc1, org.springframework.security.web.access.ExceptionTranslationFilter@494fb415, org.springframework.security.web.access.intercept.FilterSecurityInterceptor@535aeead]
[2020-09-19 11:19:27,470][INFO][restartedMain][PropertySourcedRequestMappingHandlerMapping] Mapped URL path [/v2/api-docs] onto method [springfox.documentation.swagger2.web.Swagger2Controller#getDocumentation(String, HttpServletRequest)]
[2020-09-19 11:19:27,549][INFO][restartedMain][OptionalLiveReloadServer] LiveReload server is running on port 35729
[2020-09-19 11:19:27,649][INFO][restartedMain][TomcatWebServer] Tomcat started on port(s): 8080 (http) with context path ''
[2020-09-19 11:19:27,649][INFO][restartedMain][DocumentationPluginsBootstrapper] Context refreshed
[2020-09-19 11:19:27,660][INFO][restartedMain][DocumentationPluginsBootstrapper] Found 1 custom documentation plugin(s)
[2020-09-19 11:19:27,670][INFO][task-1][JtaPlatformInitiator] HHH000490: Using JtaPlatform implementation: [org.hibernate.engine.transaction.jta.platform.internal.NoJtaPlatform]
[2020-09-19 11:19:27,674][INFO][task-1][LocalContainerEntityManagerFactoryBean] Initialized JPA EntityManagerFactory for persistence unit 'default'
[2020-09-19 11:19:27,679][INFO][restartedMain][ApiListingReferenceScanner] Scanning for api listing references
[2020-09-19 11:19:27,761][INFO][restartedMain][CachingOperationNameGenerator] Generating unique operation named: createUsingPOST_1
[2020-09-19 11:19:27,781][INFO][restartedMain][DeferredRepositoryInitializationListener] Triggering deferred initialization of Spring Data repositories…
[2020-09-19 11:19:27,897][INFO][restartedMain][DeferredRepositoryInitializationListener] Spring Data repositories initialized!
[2020-09-19 11:19:27,905][INFO][restartedMain][CrmApplication] Started CrmApplication in 2.269 seconds (JVM running for 2.885)
[2020-09-19 11:19:50,705][INFO][http-nio-8080-exec-1][[/]] Initializing Spring DispatcherServlet 'dispatcherServlet'
[2020-09-19 11:19:50,705][INFO][http-nio-8080-exec-1][DispatcherServlet] Initializing Servlet 'dispatcherServlet'
[2020-09-19 11:19:50,709][INFO][http-nio-8080-exec-1][DispatcherServlet] Completed initialization in 4 ms
[2020-09-19 11:19:51,024][WARN][http-nio-8080-exec-1][SessionIdGeneratorBase] Creation of SecureRandom instance for session ID generation using [SHA1PRNG] took [170] milliseconds.
[2020-09-19 11:19:51,060][DEBUG][http-nio-8080-exec-1][CompanyApi] create() reqList=[CompanyApi.CreateReq(name=string, address=string, createdBy=string, updatedBy=string), CompanyApi.CreateReq(name=string2, address=string2, createdBy=string2, updatedBy=string2)]
[2020-09-19 11:19:51,066][DEBUG][http-nio-8080-exec-1][StoreCompanyService] create() paramList size=2
[2020-09-19 11:19:51,105][DEBUG][http-nio-8080-exec-1][StoreCompanyService] create() result=true
[2020-09-19 11:19:51,105][DEBUG][http-nio-8080-exec-1][CompanyApi] create() result=true
[2020-09-19 11:19:56,941][DEBUG][http-nio-8080-exec-2][CompanyApi] create() reqList=[CompanyApi.CreateReq(name=string, address=string, createdBy=string, updatedBy=string), CompanyApi.CreateReq(name=string2, address=string2, createdBy=string2, updatedBy=string2)]
[2020-09-19 11:19:56,941][DEBUG][http-nio-8080-exec-2][StoreCompanyService] create() paramList size=2
[2020-09-19 11:19:56,943][DEBUG][http-nio-8080-exec-2][StoreCompanyService] create() result=true
[2020-09-19 11:19:56,943][DEBUG][http-nio-8080-exec-2][CompanyApi] create() result=true
[2020-09-19 11:20:01,131][DEBUG][http-nio-8080-exec-3][CompanyApi] view()
